[2020-09-28 00:03:22,488] INFO [GroupCoordinator 0]: Member[group.instance.id None, member.id consumer-console-consumer-11261-1-1af9acca-e259-423d-a040-c74f581a45f0] in group console-consumer-11261 has left, removing it from the group (kafka.coordinator.group.GroupCoordinator)
[2020-09-28 00:03:22,488] INFO [GroupCoordinator 0]: Preparing to rebalance group console-consumer-11261 in state PreparingRebalance with old generation 1 (__consumer_offsets-12) (reason: removing member consumer-console-consumer-11261-1-1af9acca-e259-423d-a040-c74f581a45f0 on LeaveGroup) (kafka.coordinator.group.GroupCoordinator)
[2020-09-28 00:03:22,489] INFO [GroupCoordinator 0]: Group console-consumer-11261 with generation 2 is now empty (__consumer_offsets-12) (kafka.coordinator.group.GroupCoordinator)
[2020-09-28 00:09:22,378] INFO Terminating process due to signal SIGINT (org.apache.kafka.common.utils.LoggingSignalHandler)
[2020-09-28 00:09:22,383] INFO [KafkaServer id=0] shutting down (kafka.server.KafkaServer)
[2020-09-28 00:09:22,385] INFO [KafkaServer id=0] Starting controlled shutdown (kafka.server.KafkaServer)
[2020-09-28 00:09:22,443] INFO [KafkaServer id=0] Controlled shutdown succeeded (kafka.server.KafkaServer)
[2020-09-28 00:09:22,447] INFO [/config/changes-event-process-thread]: Shutting down (kafka.common.ZkNodeChangeNotificationListener$ChangeEventProcessThread)
[2020-09-28 00:09:22,448] INFO [/config/changes-event-process-thread]: Shutdown completed (kafka.common.ZkNodeChangeNotificationListener$ChangeEventProcessThread)
[2020-09-28 00:09:22,448] INFO [/config/changes-event-process-thread]: Stopped (kafka.common.ZkNodeChangeNotificationListener$ChangeEventProcessThread)
[2020-09-28 00:09:22,449] INFO [SocketServer brokerId=0] Stopping socket server request processors (kafka.network.SocketServer)
[2020-09-28 00:09:22,455] INFO [SocketServer brokerId=0] Stopped socket server request processors (kafka.network.SocketServer)
[2020-09-28 00:09:22,456] INFO [data-plane Kafka Request Handler on Broker 0], shutting down (kafka.server.KafkaRequestHandlerPool)
[2020-09-28 00:09:22,461] INFO [data-plane Kafka Request Handler on Broker 0], shut down completely (kafka.server.KafkaRequestHandlerPool)
[2020-09-28 00:09:22,465] INFO [ExpirationReaper-0-AlterAcls]: Shutting down (kafka.server.DelayedOperationPurgatory$ExpiredOperationReaper)
[2020-09-28 00:09:22,568] INFO [ExpirationReaper-0-AlterAcls]: Stopped (kafka.server.DelayedOperationPurgatory$ExpiredOperationReaper)
[2020-09-28 00:09:22,569] INFO [ExpirationReaper-0-AlterAcls]: Shutdown completed (kafka.server.DelayedOperationPurgatory$ExpiredOperationReaper)
[2020-09-28 00:09:22,570] INFO [KafkaApi-0] Shutdown complete. (kafka.server.KafkaApis)
[2020-09-28 00:09:22,571] INFO [ExpirationReaper-0-topic]: Shutting down (kafka.server.DelayedOperationPurgatory$ExpiredOperationReaper)
[2020-09-28 00:09:22,737] INFO [ExpirationReaper-0-topic]: Stopped (kafka.server.DelayedOperationPurgatory$ExpiredOperationReaper)
[2020-09-28 00:09:22,737] INFO [ExpirationReaper-0-topic]: Shutdown completed (kafka.server.DelayedOperationPurgatory$ExpiredOperationReaper)
[2020-09-28 00:09:22,740] INFO [TransactionCoordinator id=0] Shutting down. (kafka.coordinator.transaction.TransactionCoordinator)
[2020-09-28 00:09:22,741] INFO [ProducerId Manager 0]: Shutdown complete: last producerId assigned 0 (kafka.coordinator.transaction.ProducerIdManager)
[2020-09-28 00:09:22,742] INFO [Transaction State Manager 0]: Shutdown complete (kafka.coordinator.transaction.TransactionStateManager)
[2020-09-28 00:09:22,742] INFO [Transaction Marker Channel Manager 0]: Shutting down (kafka.coordinator.transaction.TransactionMarkerChannelManager)
[2020-09-28 00:09:22,743] INFO [Transaction Marker Channel Manager 0]: Stopped (kafka.coordinator.transaction.TransactionMarkerChannelManager)
[2020-09-28 00:09:22,743] INFO [Transaction Marker Channel Manager 0]: Shutdown completed (kafka.coordinator.transaction.TransactionMarkerChannelManager)
[2020-09-28 00:09:22,744] INFO [TransactionCoordinator id=0] Shutdown complete. (kafka.coordinator.transaction.TransactionCoordinator)
[2020-09-28 00:09:22,745] INFO [GroupCoordinator 0]: Shutting down. (kafka.coordinator.group.GroupCoordinator)
[2020-09-28 00:09:22,745] INFO [ExpirationReaper-0-Heartbeat]: Shutting down (kafka.server.DelayedOperationPurgatory$ExpiredOperationReaper)
[2020-09-28 00:09:22,945] INFO [ExpirationReaper-0-Heartbeat]: Stopped (kafka.server.DelayedOperationPurgatory$ExpiredOperationReaper)
[2020-09-28 00:09:22,945] INFO [ExpirationReaper-0-Heartbeat]: Shutdown completed (kafka.server.DelayedOperationPurgatory$ExpiredOperationReaper)
[2020-09-28 00:09:22,946] INFO [ExpirationReaper-0-Rebalance]: Shutting down (kafka.server.DelayedOperationPurgatory$ExpiredOperationReaper)
[2020-09-28 00:09:23,102] INFO [ExpirationReaper-0-Rebalance]: Stopped (kafka.server.DelayedOperationPurgatory$ExpiredOperationReaper)
[2020-09-28 00:09:23,102] INFO [ExpirationReaper-0-Rebalance]: Shutdown completed (kafka.server.DelayedOperationPurgatory$ExpiredOperationReaper)
[2020-09-28 00:09:23,104] INFO [GroupCoordinator 0]: Shutdown complete. (kafka.coordinator.group.GroupCoordinator)
[2020-09-28 00:09:23,107] INFO [ReplicaManager broker=0] Shutting down (kafka.server.ReplicaManager)
[2020-09-28 00:09:23,107] INFO [LogDirFailureHandler]: Shutting down (kafka.server.ReplicaManager$LogDirFailureHandler)
[2020-09-28 00:09:23,107] INFO [LogDirFailureHandler]: Stopped (kafka.server.ReplicaManager$LogDirFailureHandler)
[2020-09-28 00:09:23,107] INFO [LogDirFailureHandler]: Shutdown completed (kafka.server.ReplicaManager$LogDirFailureHandler)
[2020-09-28 00:09:23,109] INFO [ReplicaFetcherManager on broker 0] shutting down (kafka.server.ReplicaFetcherManager)
[2020-09-28 00:09:23,112] INFO [ReplicaFetcherManager on broker 0] shutdown completed (kafka.server.ReplicaFetcherManager)
[2020-09-28 00:09:23,113] INFO [ReplicaAlterLogDirsManager on broker 0] shutting down (kafka.server.ReplicaAlterLogDirsManager)
[2020-09-28 00:09:23,114] INFO [ReplicaAlterLogDirsManager on broker 0] shutdown completed (kafka.server.ReplicaAlterLogDirsManager)
[2020-09-28 00:09:23,114] INFO [ExpirationReaper-0-Fetch]: Shutting down (kafka.server.DelayedOperationPurgatory$ExpiredOperationReaper)
[2020-09-28 00:09:23,226] INFO [ExpirationReaper-0-Fetch]: Stopped (kafka.server.DelayedOperationPurgatory$ExpiredOperationReaper)
[2020-09-28 00:09:23,226] INFO [ExpirationReaper-0-Fetch]: Shutdown completed (kafka.server.DelayedOperationPurgatory$ExpiredOperationReaper)
[2020-09-28 00:09:23,227] INFO [ExpirationReaper-0-Produce]: Shutting down (kafka.server.DelayedOperationPurgatory$ExpiredOperationReaper)
[2020-09-28 00:09:23,238] INFO [ExpirationReaper-0-Produce]: Stopped (kafka.server.DelayedOperationPurgatory$ExpiredOperationReaper)
[2020-09-28 00:09:23,238] INFO [ExpirationReaper-0-Produce]: Shutdown completed (kafka.server.DelayedOperationPurgatory$ExpiredOperationReaper)
[2020-09-28 00:09:23,241] INFO [ExpirationReaper-0-DeleteRecords]: Shutting down (kafka.server.DelayedOperationPurgatory$ExpiredOperationReaper)
[2020-09-28 00:09:23,385] INFO [ExpirationReaper-0-DeleteRecords]: Stopped (kafka.server.DelayedOperationPurgatory$ExpiredOperationReaper)
[2020-09-28 00:09:23,385] INFO [ExpirationReaper-0-DeleteRecords]: Shutdown completed (kafka.server.DelayedOperationPurgatory$ExpiredOperationReaper)
[2020-09-28 00:09:23,386] INFO [ExpirationReaper-0-ElectLeader]: Shutting down (kafka.server.DelayedOperationPurgatory$ExpiredOperationReaper)
[2020-09-28 00:09:23,518] INFO [ExpirationReaper-0-ElectLeader]: Stopped (kafka.server.DelayedOperationPurgatory$ExpiredOperationReaper)
[2020-09-28 00:09:23,518] INFO [ExpirationReaper-0-ElectLeader]: Shutdown completed (kafka.server.DelayedOperationPurgatory$ExpiredOperationReaper)
[2020-09-28 00:09:23,547] INFO [ReplicaManager broker=0] Shut down completely (kafka.server.ReplicaManager)
[2020-09-28 00:09:23,549] INFO Shutting down. (kafka.log.LogManager)
[2020-09-28 00:09:23,600] INFO [ProducerStateManager partition=CARD_PGT-0] Writing producer snapshot at offset 52487409 (kafka.log.ProducerStateManager)
[2020-09-28 00:09:23,603] INFO [ProducerStateManager partition=__consumer_offsets-40] Writing producer snapshot at offset 3 (kafka.log.ProducerStateManager)
[2020-09-28 00:09:23,605] INFO [ProducerStateManager partition=__consumer_offsets-17] Writing producer snapshot at offset 3 (kafka.log.ProducerStateManager)
[2020-09-28 00:09:23,606] INFO [ProducerStateManager partition=__consumer_offsets-12] Writing producer snapshot at offset 2 (kafka.log.ProducerStateManager)
[2020-09-28 00:09:23,609] INFO [ProducerStateManager partition=__consumer_offsets-48] Writing producer snapshot at offset 263 (kafka.log.ProducerStateManager)
[2020-09-28 00:09:23,613] INFO [ProducerStateManager partition=__consumer_offsets-38] Writing producer snapshot at offset 3 (kafka.log.ProducerStateManager)
[2020-09-28 00:09:23,629] INFO Shutdown complete. (kafka.log.LogManager)
[2020-09-28 00:09:23,640] INFO [ZooKeeperClient Kafka server] Closing. (kafka.zookeeper.ZooKeeperClient)
[2020-09-28 00:09:23,772] INFO EventThread shut down for session: 0x10000661fb20000 (org.apache.zookeeper.ClientCnxn)
[2020-09-28 00:09:23,772] INFO Session: 0x10000661fb20000 closed (org.apache.zookeeper.ZooKeeper)
[2020-09-28 00:09:23,773] INFO [ZooKeeperClient Kafka server] Closed. (kafka.zookeeper.ZooKeeperClient)
[2020-09-28 00:09:23,773] INFO [ThrottledChannelReaper-Fetch]: Shutting down (kafka.server.ClientQuotaManager$ThrottledChannelReaper)
[2020-09-28 00:09:23,877] INFO [ThrottledChannelReaper-Fetch]: Stopped (kafka.server.ClientQuotaManager$ThrottledChannelReaper)
[2020-09-28 00:09:23,877] INFO [ThrottledChannelReaper-Fetch]: Shutdown completed (kafka.server.ClientQuotaManager$ThrottledChannelReaper)
[2020-09-28 00:09:23,877] INFO [ThrottledChannelReaper-Produce]: Shutting down (kafka.server.ClientQuotaManager$ThrottledChannelReaper)
[2020-09-28 00:09:23,934] INFO [ThrottledChannelReaper-Produce]: Stopped (kafka.server.ClientQuotaManager$ThrottledChannelReaper)
[2020-09-28 00:09:23,934] INFO [ThrottledChannelReaper-Produce]: Shutdown completed (kafka.server.ClientQuotaManager$ThrottledChannelReaper)
[2020-09-28 00:09:23,935] INFO [ThrottledChannelReaper-Request]: Shutting down (kafka.server.ClientQuotaManager$ThrottledChannelReaper)
[2020-09-28 00:09:23,950] INFO [ThrottledChannelReaper-Request]: Stopped (kafka.server.ClientQuotaManager$ThrottledChannelReaper)
[2020-09-28 00:09:23,950] INFO [ThrottledChannelReaper-Request]: Shutdown completed (kafka.server.ClientQuotaManager$ThrottledChannelReaper)
[2020-09-28 00:09:23,952] INFO [SocketServer brokerId=0] Shutting down socket server (kafka.network.SocketServer)
[2020-09-28 00:09:24,011] INFO [SocketServer brokerId=0] Shutdown completed (kafka.network.SocketServer)
[2020-09-28 00:09:24,020] INFO [KafkaServer id=0] shut down completed (kafka.server.KafkaServer)
